#
# A fatal error has been detected by the Java Runtime Environment:
#
#  EXCEPTION_ACCESS_VIOLATION (0xc0000005) at pc=0x000000005b9849fb, pid=9452, tid=10816
#
# JRE version: Java(TM) SE Runtime Environment (8.0_25-b18) (build 1.8.0_25-b18)
# Java VM: Java HotSpot(TM) 64-Bit Server VM (25.25-b02 mixed mode windows-amd64 compressed oops)
# Problematic frame:
# V  [jvm.dll+0x1049fb]
#
# Failed to write core dump. Minidumps are not enabled by default on client versions of Windows
#
# If you would like to submit a bug report, please visit:
#   http://bugreport.sun.com/bugreport/crash.jsp
#

---------------  T H R E A D  ---------------

Current thread (0x0000000002787000):  GCTaskThread [stack: 0x0000000011d40000,0x0000000011e40000] [id=10816]

siginfo: ExceptionCode=0xc0000005, reading address 0x0000000002200330

Registers:
RAX=0x0000000012140000, RBX=0x00000000e2f7b0f0, RCX=0x0000000000000003, RDX=0x0000000000000001
RSP=0x0000000011e3f4a0, RBP=0x00000000e2b7b114, RSI=0x0000000002857a20, RDI=0x0000000002857a20
R8 =0x0000000002200328, R9 =0x0000000100a57e58, R10=0x000000000000000c, R11=0x000000005be568f8
R12=0x00000000e2b7b118, R13=0x0000000100a58368, R14=0x0000000100a58370, R15=0x00000000e2b7b108
RIP=0x000000005b9849fb, EFLAGS=0x0000000000010206

Top of Stack: (sp=0x0000000011e3f4a0)
0x0000000011e3f4a0:   0000000100a57e58 00000000e2b7b0fc
0x0000000011e3f4b0:   0000000000000002 000000005ba84642
0x0000000011e3f4c0:   0000000000000000 00000000000003d8
0x0000000011e3f4d0:   00000000027879b8 00002076000011d6
0x0000000011e3f4e0:   0000000000002541 000000005bc56760
0x0000000011e3f4f0:   00000000141baa48 0000000013ac54d0
0x0000000011e3f500:   0000000002857a20 00000000027875e0
0x0000000011e3f510:   00002075000011d6 00002076000011d6
0x0000000011e3f520:   0000000000000000 0000000000000000
0x0000000011e3f530:   0000000000000000 00000000192a4800
0x0000000011e3f540:   0000000000000001 0000000000000001
0x0000000011e3f550:   000017092b501804 00000000027879b8
0x0000000011e3f560:   00000000027875e0 00000000000003d8
0x0000000011e3f570:   00000000027875e0 0000000002785500
0x0000000011e3f580:   00000000027875d0 0000000013ac54d0
0x0000000011e3f590:   0000000002857a20 000000005bc5371c 

Instructions: (pc=0x000000005b9849fb)
0x000000005b9849db:   6c 00 84 d2 74 16 44 8b 43 08 8b 0d 5d 7b 66 00
0x000000005b9849eb:   49 d3 e0 4c 03 05 4b 7b 66 00 eb 04 4c 8b 43 08
0x000000005b9849fb:   45 8b 48 08 45 85 c9 7e 0c 41 f6 c1 01 75 4b 41
0x000000005b984a0b:   c1 f9 03 eb 57 79 43 84 d2 41 8b c9 b8 10 00 00 


Register to memory mapping:

RAX=0x0000000012140000 is an unknown value
RBX=0x00000000e2f7b0f0 is pointing into object: 0x00000000e2f7b0d8
[C 
 - klass: {type array char}
 - length: 165
RCX=0x0000000000000003 is an unknown value
RDX=0x0000000000000001 is an unknown value
RSP=0x0000000011e3f4a0 is an unknown value
RBP=0x00000000e2b7b114 is pointing into object: 0x00000000e2b7b108
com.google.common.collect.ImmutableSortedMap$1EntrySet$1 
 - klass: 'com/google/common/collect/ImmutableSortedMap$1EntrySet$1'
RSI=0x0000000002857a20 is an unknown value
RDI=0x0000000002857a20 is an unknown value
R8 =0x0000000002200328 is an unknown value
R9 =0x0000000100a57e58 is pointing into metadata
R10=0x000000000000000c is an unknown value
R11=0x000000005be568f8 is an unknown value
R12=0x00000000e2b7b118 is an oop
com.google.common.collect.RegularImmutableSortedSet 
 - klass: 'com/google/common/collect/RegularImmutableSortedSet'
R13=0x0000000100a58368 is pointing into metadata
R14=0x0000000100a58370 is pointing into metadata
R15=0x00000000e2b7b108 is an oop
com.google.common.collect.ImmutableSortedMap$1EntrySet$1 
 - klass: 'com/google/common/collect/ImmutableSortedMap$1EntrySet$1'


Stack: [0x0000000011d40000,0x0000000011e40000],  sp=0x0000000011e3f4a0,  free space=1021k
Native frames: (J=compiled Java code, j=interpreted, Vv=VM code, C=native code)
V  [jvm.dll+0x1049fb]
V  [jvm.dll+0x3d6760]
V  [jvm.dll+0x3d371c]
V  [jvm.dll+0x3d14ae]
V  [jvm.dll+0x2852fa]
C  [msvcr100.dll+0x21d9f]
C  [msvcr100.dll+0x21e3b]
C  [KERNEL32.DLL+0x17034]
C  [ntdll.dll+0x4d0d1]


---------------  P R O C E S S  ---------------

Java Threads: ( => current thread )
  0x00000000192aa000 JavaThread "Cache worker for file content cache (E:\MobileDevelopment\AnkushWork\ReactNative\OnBoardingAnkush\android\.gradle\6.2\fileContent)" [_thread_blocked, id=9648, stack(0x000000001e690000,0x000000001e790000)]
  0x00000000192a4800 JavaThread "ForkJoinPool.commonPool-worker-0" daemon [_thread_blocked, id=4708, stack(0x000000001c9a0000,0x000000001caa0000)]
  0x0000000019bec000 JavaThread "Cache worker for Build Output Cleanup Cache (E:\MobileDevelopment\AnkushWork\ReactNative\OnBoardingAnkush\android\.gradle\buildOutputCleanup)" [_thread_blocked, id=12804, stack(0x000000001e590000,0x000000001e690000)]
  0x0000000019bec800 JavaThread "Build operations Thread 4" [_thread_blocked, id=5776, stack(0x000000001e490000,0x000000001e590000)]
  0x0000000019beb000 JavaThread "Build operations Thread 3" [_thread_blocked, id=12744, stack(0x000000001e390000,0x000000001e490000)]
  0x0000000019be8000 JavaThread "Build operations Thread 2" [_thread_blocked, id=11748, stack(0x000000001e290000,0x000000001e390000)]
  0x0000000019be0000 JavaThread "Build operations" [_thread_blocked, id=4760, stack(0x0000000000c20000,0x0000000000d20000)]
  0x0000000019be0800 JavaThread "Cache worker for cache directory md-rule (C:\Users\EST\.gradle\caches\6.2\md-rule)" [_thread_blocked, id=6300, stack(0x000000001af40000,0x000000001b040000)]
  0x0000000019be7800 JavaThread "Cache worker for cache directory md-supplier (C:\Users\EST\.gradle\caches\6.2\md-supplier)" [_thread_blocked, id=6320, stack(0x000000001ae40000,0x000000001af40000)]
  0x0000000019be6800 JavaThread "Cache worker for file hash cache (E:\MobileDevelopment\AnkushWork\ReactNative\OnBoardingAnkush\android\.gradle\6.2\fileHashes)" [_thread_blocked, id=13040, stack(0x000000001ab40000,0x000000001ac40000)]
  0x0000000019bdf000 JavaThread "Cache worker for checksums cache (E:\MobileDevelopment\AnkushWork\ReactNative\OnBoardingAnkush\android\.gradle\checksums)" [_thread_blocked, id=9672, stack(0x000000001aa40000,0x000000001ab40000)]
  0x0000000019be6000 JavaThread "Thread-350" [_thread_blocked, id=3424, stack(0x00000000181a0000,0x00000000182a0000)]
  0x0000000019be5000 JavaThread "Stdin handler" [_thread_blocked, id=12968, stack(0x00000000180a0000,0x00000000181a0000)]
  0x0000000019be1800 JavaThread "Asynchronous log dispatcher for DefaultDaemonConnection: socket connection from /127.0.0.1:51558 to /127.0.0.1:54178" [_thread_blocked, id=11744, stack(0x0000000017fa0000,0x00000000180a0000)]
  0x0000000019bde800 JavaThread "Cancel handler" [_thread_blocked, id=12876, stack(0x0000000017ba0000,0x0000000017ca0000)]
  0x0000000019be4800 JavaThread "Handler for socket connection from /127.0.0.1:51558 to /127.0.0.1:54178" [_thread_in_native, id=2332, stack(0x0000000000b20000,0x0000000000c20000)]
  0x0000000017013000 JavaThread "Daemon worker Thread 15" [_thread_blocked, id=6748, stack(0x0000000017ea0000,0x0000000017fa0000)]
  0x0000000017019000 JavaThread "Daemon Thread 15" [_thread_blocked, id=1256, stack(0x0000000000a20000,0x0000000000b20000)]
  0x00000000192ab800 JavaThread "AWT-Windows" daemon [_thread_in_native, id=11244, stack(0x0000000025970000,0x0000000025a70000)]
  0x00000000192b0800 JavaThread "Java2D Disposer" daemon [_thread_blocked, id=10412, stack(0x0000000025770000,0x0000000025870000)]
  0x00000000192a9000 JavaThread "Device List Monitor" [_thread_in_native, id=10160, stack(0x0000000022c20000,0x0000000022d20000)]
  0x00000000192ac000 JavaThread "Monitor" [_thread_in_native, id=11164, stack(0x0000000022610000,0x0000000022710000)]
  0x0000000017014000 JavaThread "Cache worker for file content cache (C:\Users\EST\.gradle\caches\6.2\fileContent)" [_thread_blocked, id=3948, stack(0x000000001f800000,0x000000001f900000)]
  0x0000000017018800 JavaThread "Memory manager" [_thread_blocked, id=8520, stack(0x000000001f940000,0x000000001fa40000)]
  0x0000000016ddb000 JavaThread "Cache worker for execution history cache (C:\Users\EST\.gradle\caches\6.2\executionHistory)" [_thread_blocked, id=8316, stack(0x000000001c4a0000,0x000000001c5a0000)]
  0x0000000016ddd000 JavaThread "Cache worker for file hash cache (C:\Users\EST\.gradle\caches\6.2\fileHashes)" [_thread_blocked, id=9404, stack(0x00000000188a0000,0x00000000189a0000)]
  0x0000000016dd8800 JavaThread "File lock request listener" [_thread_in_native, id=5460, stack(0x00000000187a0000,0x00000000188a0000)]
  0x0000000016dd8000 JavaThread "Cache worker for journal cache (C:\Users\EST\.gradle\caches\journal-1)" [_thread_blocked, id=3108, stack(0x00000000186a0000,0x00000000187a0000)]
  0x0000000016c25800 JavaThread "Daemon periodic checks" [_thread_blocked, id=8048, stack(0x0000000017aa0000,0x0000000017ba0000)]
  0x0000000016c38800 JavaThread "Incoming local TCP Connector on port 51558" [_thread_in_native, id=7600, stack(0x0000000017860000,0x0000000017960000)]
  0x0000000016bbd000 JavaThread "Daemon health stats" [_thread_blocked, id=7144, stack(0x0000000017220000,0x0000000017320000)]
  0x0000000015480800 JavaThread "Service Thread" daemon [_thread_blocked, id=3656, stack(0x0000000015850000,0x0000000015950000)]
  0x0000000013bf7800 JavaThread "C1 CompilerThread2" daemon [_thread_blocked, id=1912, stack(0x0000000015350000,0x0000000015450000)]
  0x0000000013bf0800 JavaThread "C2 CompilerThread1" daemon [_thread_blocked, id=2712, stack(0x0000000015250000,0x0000000015350000)]
  0x0000000013bed800 JavaThread "C2 CompilerThread0" daemon [_thread_blocked, id=7672, stack(0x0000000015150000,0x0000000015250000)]
  0x0000000013bec000 JavaThread "Attach Listener" daemon [_thread_blocked, id=7604, stack(0x0000000015050000,0x0000000015150000)]
  0x0000000013beb000 JavaThread "Signal Dispatcher" daemon [_thread_blocked, id=10564, stack(0x0000000014f50000,0x0000000015050000)]
  0x0000000002866000 JavaThread "Finalizer" daemon [_thread_blocked, id=7464, stack(0x0000000014e40000,0x0000000014f40000)]
  0x000000000285d000 JavaThread "Reference Handler" daemon [_thread_blocked, id=6768, stack(0x0000000014d40000,0x0000000014e40000)]
  0x0000000000dce000 JavaThread "main" [_thread_blocked, id=10720, stack(0x0000000002670000,0x0000000002770000)]

Other Threads:
  0x0000000013bb6800 VMThread [stack: 0x0000000014c40000,0x0000000014d40000] [id=3404]
  0x0000000015483800 WatcherThread [stack: 0x0000000015950000,0x0000000015a50000] [id=7632]

=>0x0000000002787000 (exited) GCTaskThread [stack: 0x0000000011d40000,0x0000000011e40000] [id=10816]

VM state:at safepoint (normal execution)

VM Mutex/Monitor currently owned by a thread:  ([mutex/lock_event])
[0x0000000000dcc3b0] Threads_lock - owner thread: 0x0000000013bb6800
[0x0000000000dcc330] Heap_lock - owner thread: 0x0000000017013000

Heap:
 PSYoungGen      total 130560K, used 21398K [0x00000000f5580000, 0x0000000100000000, 0x0000000100000000)
  eden space 109056K, 0% used [0x00000000f5580000,0x00000000f5580000,0x00000000fc000000)
  from space 21504K, 99% used [0x00000000fc000000,0x00000000fd4e5a00,0x00000000fd500000)
  to   space 34304K, 0% used [0x00000000fde80000,0x00000000fde80000,0x0000000100000000)
 ParOldGen       total 349696K, used 335809K [0x00000000e0000000, 0x00000000f5580000, 0x00000000f5580000)
  object space 349696K, 96% used [0x00000000e0000000,0x00000000f47f07a0,0x00000000f5580000)
 Metaspace       used 87491K, capacity 96978K, committed 97280K, reserved 1132544K
  class space    used 11714K, capacity 13444K, committed 13568K, reserved 1048576K

Card table byte_map: [0x0000000011c30000,0x0000000011d40000] byte_map_base: 0x0000000011530000

Marking Bits: (ParMarkBitMap*) 0x000000005c05d490
 Begin Bits: [0x0000000012140000, 0x0000000012940000)
 End Bits:   [0x0000000012940000, 0x0000000013140000)

Polling page: 0x0000000000de0000

CodeCache: size=245760Kb used=62786Kb max_used=62797Kb free=182973Kb
 bounds [0x0000000002870000, 0x0000000006630000, 0x0000000011870000]
 total_blobs=19254 nmethods=18387 adapters=778
 compilation: enabled

Compilation events (10 events):
Event: 7391.047 Thread 0x0000000013bf7800 23616       3       java.util.BitSet::<init> (56 bytes)
Event: 7391.050 Thread 0x0000000013bf7800 nmethod 23616 0x000000000661c790 code [0x000000000661c980, 0x000000000661d318]
Event: 7391.052 Thread 0x0000000013bf0800 23617       4       org.gradle.api.internal.artifacts.ivyservice.resolveengine.graph.builder.ModuleSelectors$$Lambda$148/2044670870::apply (8 bytes)
Event: 7391.059 Thread 0x0000000013bf0800 nmethod 23617 0x0000000006609650 code [0x00000000066097e0, 0x00000000066099e8]
Event: 7391.060 Thread 0x0000000013bf0800 23618       4       com.google.common.collect.LinkedHashMultimap::get (6 bytes)
Event: 7391.079 Thread 0x0000000013bf0800 nmethod 23618 0x0000000006622b10 code [0x0000000006622d00, 0x0000000006623820]
Event: 7391.079 Thread 0x0000000013bf0800 23619       4       org.gradle.api.internal.AbstractTask::prependParallelSafeAction (30 bytes)
Event: 7391.089 Thread 0x0000000013bf0800 nmethod 23619 0x0000000006624810 code [0x00000000066249a0, 0x0000000006625068]
Event: 7391.093 Thread 0x0000000013bf0800 23620       4       org.gradle.api.internal.artifacts.ivyservice.ivyresolve.DefaultVersionedComponentChooser::versionMatches (49 bytes)
Event: 7391.096 Thread 0x0000000013bf0800 nmethod 23620 0x0000000006608fd0 code [0x0000000006609120, 0x00000000066092b8]

GC Heap History (10 events):
Event: 6129.721 GC heap after
Heap after GC invocations=89 (full 6):
 PSYoungGen      total 140288K, used 11840K [0x00000000f5580000, 0x00000000fff00000, 0x0000000100000000)
  eden space 107008K, 0% used [0x00000000f5580000,0x00000000f5580000,0x00000000fbe00000)
  from space 33280K, 35% used [0x00000000fbe00000,0x00000000fc990040,0x00000000fde80000)
  to   space 31744K, 0% used [0x00000000fe000000,0x00000000fe000000,0x00000000fff00000)
 ParOldGen       total 349696K, used 287694K [0x00000000e0000000, 0x00000000f5580000, 0x00000000f5580000)
  object space 349696K, 82% used [0x00000000e0000000,0x00000000f18f3878,0x00000000f5580000)
 Metaspace       used 85980K, capacity 93642K, committed 93824K, reserved 1130496K
  class space    used 11414K, capacity 12922K, committed 12928K, reserved 1048576K
}
Event: 6130.364 GC heap before
{Heap before GC invocations=90 (full 6):
 PSYoungGen      total 140288K, used 118848K [0x00000000f5580000, 0x00000000fff00000, 0x0000000100000000)
  eden space 107008K, 100% used [0x00000000f5580000,0x00000000fbe00000,0x00000000fbe00000)
  from space 33280K, 35% used [0x00000000fbe00000,0x00000000fc990040,0x00000000fde80000)
  to   space 31744K, 0% used [0x00000000fe000000,0x00000000fe000000,0x00000000fff00000)
 ParOldGen       total 349696K, used 287694K [0x00000000e0000000, 0x00000000f5580000, 0x00000000f5580000)
  object space 349696K, 82% used [0x00000000e0000000,0x00000000f18f3878,0x00000000f5580000)
 Metaspace       used 85988K, capacity 93648K, committed 93824K, reserved 1130496K
  class space    used 11415K, capacity 12923K, committed 12928K, reserved 1048576K
Event: 6130.377 GC heap after
Heap after GC invocations=90 (full 6):
 PSYoungGen      total 140800K, used 2448K [0x00000000f5580000, 0x00000000ffe80000, 0x0000000100000000)
  eden space 109568K, 0% used [0x00000000f5580000,0x00000000f5580000,0x00000000fc080000)
  from space 31232K, 7% used [0x00000000fe000000,0x00000000fe264010,0x00000000ffe80000)
  to   space 31744K, 0% used [0x00000000fc080000,0x00000000fc080000,0x00000000fdf80000)
 ParOldGen       total 349696K, used 298606K [0x00000000e0000000, 0x00000000f5580000, 0x00000000f5580000)
  object space 349696K, 85% used [0x00000000e0000000,0x00000000f239b8f0,0x00000000f5580000)
 Metaspace       used 85988K, capacity 93648K, committed 93824K, reserved 1130496K
  class space    used 11415K, capacity 12923K, committed 12928K, reserved 1048576K
}
Event: 7340.378 GC heap before
{Heap before GC invocations=91 (full 6):
 PSYoungGen      total 140800K, used 112016K [0x00000000f5580000, 0x00000000ffe80000, 0x0000000100000000)
  eden space 109568K, 100% used [0x00000000f5580000,0x00000000fc080000,0x00000000fc080000)
  from space 31232K, 7% used [0x00000000fe000000,0x00000000fe264010,0x00000000ffe80000)
  to   space 31744K, 0% used [0x00000000fc080000,0x00000000fc080000,0x00000000fdf80000)
 ParOldGen       total 349696K, used 298606K [0x00000000e0000000, 0x00000000f5580000, 0x00000000f5580000)
  object space 349696K, 85% used [0x00000000e0000000,0x00000000f239b8f0,0x00000000f5580000)
 Metaspace       used 87074K, capacity 96406K, committed 96640K, reserved 1132544K
  class space    used 11658K, capacity 13360K, committed 13440K, reserved 1048576K
Event: 7340.416 GC heap after
Heap after GC invocations=91 (full 6):
 PSYoungGen      total 141312K, used 17694K [0x00000000f5580000, 0x0000000100000000, 0x0000000100000000)
  eden space 109568K, 0% used [0x00000000f5580000,0x00000000f5580000,0x00000000fc080000)
  from space 31744K, 55% used [0x00000000fc080000,0x00000000fd1c7820,0x00000000fdf80000)
  to   space 31744K, 0% used [0x00000000fe100000,0x00000000fe100000,0x0000000100000000)
 ParOldGen       total 349696K, used 299733K [0x00000000e0000000, 0x00000000f5580000, 0x00000000f5580000)
  object space 349696K, 85% used [0x00000000e0000000,0x00000000f24b5690,0x00000000f5580000)
 Metaspace       used 87074K, capacity 96406K, committed 96640K, reserved 1132544K
  class space    used 11658K, capacity 13360K, committed 13440K, reserved 1048576K
}
Event: 7340.960 GC heap before
{Heap before GC invocations=92 (full 6):
 PSYoungGen      total 141312K, used 127262K [0x00000000f5580000, 0x0000000100000000, 0x0000000100000000)
  eden space 109568K, 100% used [0x00000000f5580000,0x00000000fc080000,0x00000000fc080000)
  from space 31744K, 55% used [0x00000000fc080000,0x00000000fd1c7820,0x00000000fdf80000)
  to   space 31744K, 0% used [0x00000000fe100000,0x00000000fe100000,0x0000000100000000)
 ParOldGen       total 349696K, used 299733K [0x00000000e0000000, 0x00000000f5580000, 0x00000000f5580000)
  object space 349696K, 85% used [0x00000000e0000000,0x00000000f24b5690,0x00000000f5580000)
 Metaspace       used 87114K, capacity 96430K, committed 96640K, reserved 1132544K
  class space    used 11660K, capacity 13364K, committed 13440K, reserved 1048576K
Event: 7341.023 GC heap after
Heap after GC invocations=92 (full 6):
 PSYoungGen      total 140800K, used 20768K [0x00000000f5580000, 0x0000000100000000, 0x0000000100000000)
  eden space 109056K, 0% used [0x00000000f5580000,0x00000000f5580000,0x00000000fc000000)
  from space 31744K, 65% used [0x00000000fe100000,0x00000000ff548030,0x0000000100000000)
  to   space 32768K, 0% used [0x00000000fc000000,0x00000000fc000000,0x00000000fe000000)
 ParOldGen       total 349696K, used 316654K [0x00000000e0000000, 0x00000000f5580000, 0x00000000f5580000)
  object space 349696K, 90% used [0x00000000e0000000,0x00000000f353b870,0x00000000f5580000)
 Metaspace       used 87114K, capacity 96430K, committed 96640K, reserved 1132544K
  class space    used 11660K, capacity 13364K, committed 13440K, reserved 1048576K
}
Event: 7391.100 GC heap before
{Heap before GC invocations=93 (full 6):
 PSYoungGen      total 140800K, used 129824K [0x00000000f5580000, 0x0000000100000000, 0x0000000100000000)
  eden space 109056K, 100% used [0x00000000f5580000,0x00000000fc000000,0x00000000fc000000)
  from space 31744K, 65% used [0x00000000fe100000,0x00000000ff548030,0x0000000100000000)
  to   space 32768K, 0% used [0x00000000fc000000,0x00000000fc000000,0x00000000fe000000)
 ParOldGen       total 349696K, used 316654K [0x00000000e0000000, 0x00000000f5580000, 0x00000000f5580000)
  object space 349696K, 90% used [0x00000000e0000000,0x00000000f353b870,0x00000000f5580000)
 Metaspace       used 87491K, capacity 96978K, committed 97280K, reserved 1132544K
  class space    used 11714K, capacity 13444K, committed 13568K, reserved 1048576K
Event: 7391.143 GC heap after
Heap after GC invocations=93 (full 6):
 PSYoungGen      total 130560K, used 21398K [0x00000000f5580000, 0x0000000100000000, 0x0000000100000000)
  eden space 109056K, 0% used [0x00000000f5580000,0x00000000f5580000,0x00000000fc000000)
  from space 21504K, 99% used [0x00000000fc000000,0x00000000fd4e5a00,0x00000000fd500000)
  to   space 34304K, 0% used [0x00000000fde80000,0x00000000fde80000,0x0000000100000000)
 ParOldGen       total 349696K, used 335809K [0x00000000e0000000, 0x00000000f5580000, 0x00000000f5580000)
  object space 349696K, 96% used [0x00000000e0000000,0x00000000f47f07a0,0x00000000f5580000)
 Metaspace       used 87491K, capacity 96978K, committed 97280K, reserved 1132544K
  class space    used 11714K, capacity 13444K, committed 13568K, reserved 1048576K
}
Event: 7391.143 GC heap before
{Heap before GC invocations=94 (full 7):
 PSYoungGen      total 130560K, used 21398K [0x00000000f5580000, 0x0000000100000000, 0x0000000100000000)
  eden space 109056K, 0% used [0x00000000f5580000,0x00000000f5580000,0x00000000fc000000)
  from space 21504K, 99% used [0x00000000fc000000,0x00000000fd4e5a00,0x00000000fd500000)
  to   space 34304K, 0% used [0x00000000fde80000,0x00000000fde80000,0x0000000100000000)
 ParOldGen       total 349696K, used 335809K [0x00000000e0000000, 0x00000000f5580000, 0x00000000f5580000)
  object space 349696K, 96% used [0x00000000e0000000,0x00000000f47f07a0,0x00000000f5580000)
 Metaspace       used 87491K, capacity 96978K, committed 97280K, reserved 1132544K
  class space    used 11714K, capacity 13444K, committed 13568K, reserved 1048576K

Deoptimization events (10 events):
Event: 7342.114 Thread 0x0000000017013000 Uncommon trap: reason=bimorphic action=maybe_recompile pc=0x00000000051390d0 method=com.google.common.cache.LocalCache$Segment.setValue(Lcom/google/common/cache/ReferenceEntry;Ljava/lang/Object;Ljava/lang/Object;J)V @ 51
Event: 7342.114 Thread 0x0000000017013000 Uncommon trap: reason=bimorphic action=maybe_recompile pc=0x00000000051390d0 method=com.google.common.cache.LocalCache$Segment.setValue(Lcom/google/common/cache/ReferenceEntry;Ljava/lang/Object;Ljava/lang/Object;J)V @ 51
Event: 7342.116 Thread 0x0000000017013000 Uncommon trap: reason=class_check action=maybe_recompile pc=0x0000000002a30a1c method=java.lang.String.equals(Ljava/lang/Object;)Z @ 8
Event: 7342.116 Thread 0x0000000017013000 Uncommon trap: reason=class_check action=maybe_recompile pc=0x0000000002a30a1c method=java.lang.String.equals(Ljava/lang/Object;)Z @ 8
Event: 7342.116 Thread 0x0000000017013000 Uncommon trap: reason=class_check action=maybe_recompile pc=0x0000000002a30a1c method=java.lang.String.equals(Ljava/lang/Object;)Z @ 8
Event: 7342.116 Thread 0x0000000017013000 Uncommon trap: reason=class_check action=maybe_recompile pc=0x0000000002a30a1c method=java.lang.String.equals(Ljava/lang/Object;)Z @ 8
Event: 7342.117 Thread 0x0000000017013000 Uncommon trap: reason=unreached action=reinterpret pc=0x0000000002f14834 method=java.lang.ref.SoftReference.get()Ljava/lang/Object; @ 6
Event: 7342.117 Thread 0x0000000017013000 Uncommon trap: reason=unreached action=reinterpret pc=0x00000000030fad5c method=java.util.concurrent.ConcurrentHashMap.replaceNode(Ljava/lang/Object;Ljava/lang/Object;Ljava/lang/Object;)Ljava/lang/Object; @ 136
Event: 7373.331 Thread 0x0000000017019000 Uncommon trap: reason=class_check action=maybe_recompile pc=0x00000000042b1f5c method=java.util.concurrent.ThreadPoolExecutor.getTask()Ljava/lang/Runnable; @ 139
Event: 7373.357 Thread 0x0000000017013000 Uncommon trap: reason=class_check action=maybe_recompile pc=0x00000000042b1f5c method=java.util.concurrent.ThreadPoolExecutor.getTask()Ljava/lang/Runnable; @ 139

Internal exceptions (10 events):
Event: 7342.085 Thread 0x0000000017013000 Exception <a 'java/security/PrivilegedActionException'> (0x00000000f5c189a8) thrown at [D:\re\workspace\8-2-build-windows-amd64-cygwin\jdk8u25\1677\hotspot\src\share\vm\prims\jvm.cpp, line 1312]
Event: 7342.115 Thread 0x0000000017013000 Exception <a 'java/security/PrivilegedActionException'> (0x00000000f5c26600) thrown at [D:\re\workspace\8-2-build-windows-amd64-cygwin\jdk8u25\1677\hotspot\src\share\vm\prims\jvm.cpp, line 1312]
Event: 7342.115 Thread 0x0000000017013000 Exception <a 'java/security/PrivilegedActionException'> (0x00000000f5c27510) thrown at [D:\re\workspace\8-2-build-windows-amd64-cygwin\jdk8u25\1677\hotspot\src\share\vm\prims\jvm.cpp, line 1312]
Event: 7342.189 Thread 0x0000000017019000 Exception <a 'java/lang/NoSuchMethodError': <clinit>> (0x00000000f5f04f68) thrown at [D:\re\workspace\8-2-build-windows-amd64-cygwin\jdk8u25\1677\hotspot\src\share\vm\prims\jni.cpp, line 1603]
Event: 7342.190 Thread 0x0000000017019000 Exception <a 'java/lang/NoSuchMethodError': <clinit>> (0x00000000f5f13a50) thrown at [D:\re\workspace\8-2-build-windows-amd64-cygwin\jdk8u25\1677\hotspot\src\share\vm\prims\jni.cpp, line 1603]
Event: 7342.212 Thread 0x0000000017019000 Exception <a 'java/lang/NoSuchMethodError': <clinit>> (0x00000000f5f15e50) thrown at [D:\re\workspace\8-2-build-windows-amd64-cygwin\jdk8u25\1677\hotspot\src\share\vm\prims\jni.cpp, line 1603]
Event: 7342.213 Thread 0x0000000017019000 Exception <a 'java/lang/NoSuchMethodError': <clinit>> (0x00000000f5f24e48) thrown at [D:\re\workspace\8-2-build-windows-amd64-cygwin\jdk8u25\1677\hotspot\src\share\vm\prims\jni.cpp, line 1603]
Event: 7342.214 Thread 0x0000000017019000 Exception <a 'java/lang/NoSuchMethodError': <clinit>> (0x00000000f5f2f5d8) thrown at [D:\re\workspace\8-2-build-windows-amd64-cygwin\jdk8u25\1677\hotspot\src\share\vm\prims\jni.cpp, line 1603]
Event: 7390.670 Thread 0x0000000017013000 Implicit null exception at 0x0000000004c269e7 to 0x0000000004c2709a
Event: 7390.670 Thread 0x0000000017013000 Exception <a 'java/lang/NullPointerException'> (0x00000000f9135e30) thrown at [D:\re\workspace\8-2-build-windows-amd64-cygwin\jdk8u25\1677\hotspot\src\share\vm\runtime\sharedRuntime.cpp, line 604]

Events (10 events):
Event: 7390.668 Executing VM operation: RevokeBias
Event: 7390.668 Executing VM operation: RevokeBias done
Event: 7390.773 Thread 0x00000000192a4800 Thread added: 0x00000000192a4800
Event: 7390.773 Executing VM operation: RevokeBias
Event: 7390.773 Executing VM operation: RevokeBias done
Event: 7390.773 Thread 0x00000000192aa000 Thread exited: 0x00000000192aa000
Event: 7390.916 Thread 0x00000000192aa000 Thread added: 0x00000000192aa000
Event: 7391.028 Thread 0x0000000017013000 DEOPT PACKING pc=0x0000000005c63184 sp=0x0000000017f9b0c0
Event: 7391.028 Thread 0x0000000017013000 DEOPT UNPACKING pc=0x00000000028b75bf sp=0x0000000017f9af20 mode 0
Event: 7391.100 Executing VM operation: ParallelGCFailedAllocation


Dynamic libraries:
0x00007ff65a940000 - 0x00007ff65a974000 	C:\Program Files\Java\jdk1.8.0_25\bin\java.exe
0x00007fff1b3f0000 - 0x00007fff1b5e6000 	C:\WINDOWS\SYSTEM32\ntdll.dll
0x00007fff19f20000 - 0x00007fff19fdd000 	C:\WINDOWS\System32\KERNEL32.DLL
0x00007fff19050000 - 0x00007fff19319000 	C:\WINDOWS\System32\KERNELBASE.dll
0x00007fff1b130000 - 0x00007fff1b1dc000 	C:\WINDOWS\System32\ADVAPI32.dll
0x00007fff1afb0000 - 0x00007fff1b04e000 	C:\WINDOWS\System32\msvcrt.dll
0x00007fff1a7b0000 - 0x00007fff1a84c000 	C:\WINDOWS\System32\sechost.dll
0x00007fff19450000 - 0x00007fff1957b000 	C:\WINDOWS\System32\RPCRT4.dll
0x00007fff1b210000 - 0x00007fff1b3b0000 	C:\WINDOWS\System32\USER32.dll
0x00007fff18b30000 - 0x00007fff18b52000 	C:\WINDOWS\System32\win32u.dll
0x00007fff1b1e0000 - 0x00007fff1b20a000 	C:\WINDOWS\System32\GDI32.dll
0x00007fff18e20000 - 0x00007fff18f2b000 	C:\WINDOWS\System32\gdi32full.dll
0x00007fff18fb0000 - 0x00007fff1904d000 	C:\WINDOWS\System32\msvcp_win.dll
0x00007fff18b60000 - 0x00007fff18c60000 	C:\WINDOWS\System32\ucrtbase.dll
0x00007fff05c10000 - 0x00007fff05eab000 	C:\WINDOWS\WinSxS\amd64_microsoft.windows.common-controls_6595b64144ccf1df_6.0.19041.746_none_ca02b4b61b8320a4\COMCTL32.dll
0x00007fff1a920000 - 0x00007fff1a950000 	C:\WINDOWS\System32\IMM32.DLL
0x000000005c3e0000 - 0x000000005c4b2000 	C:\Program Files\Java\jdk1.8.0_25\jre\bin\msvcr100.dll
0x000000005b880000 - 0x000000005c0da000 	C:\Program Files\Java\jdk1.8.0_25\jre\bin\server\jvm.dll
0x00007fff1b120000 - 0x00007fff1b128000 	C:\WINDOWS\System32\PSAPI.DLL
0x00007fff16250000 - 0x00007fff16259000 	C:\WINDOWS\SYSTEM32\WSOCK32.dll
0x00007fff0f590000 - 0x00007fff0f5b7000 	C:\WINDOWS\SYSTEM32\WINMM.dll
0x00007fff1ae10000 - 0x00007fff1ae7b000 	C:\WINDOWS\System32\WS2_32.dll
0x000000005c3d0000 - 0x000000005c3df000 	C:\Program Files\Java\jdk1.8.0_25\jre\bin\verify.dll
0x000000005c3a0000 - 0x000000005c3c8000 	C:\Program Files\Java\jdk1.8.0_25\jre\bin\java.dll
0x000000005c380000 - 0x000000005c396000 	C:\Program Files\Java\jdk1.8.0_25\jre\bin\zip.dll
0x00007fff1a060000 - 0x00007fff1a7a3000 	C:\WINDOWS\System32\SHELL32.dll
0x00007fff16cb0000 - 0x00007fff1743f000 	C:\WINDOWS\SYSTEM32\windows.storage.dll
0x00007fff196f0000 - 0x00007fff19a46000 	C:\WINDOWS\System32\combase.dll
0x00007fff18520000 - 0x00007fff1854c000 	C:\WINDOWS\SYSTEM32\Wldp.dll
0x00007fff1a9b0000 - 0x00007fff1aa5e000 	C:\WINDOWS\System32\SHCORE.dll
0x00007fff1a950000 - 0x00007fff1a9a5000 	C:\WINDOWS\System32\shlwapi.dll
0x00007fff18a60000 - 0x00007fff18a86000 	C:\WINDOWS\SYSTEM32\profapi.dll
0x000000005c360000 - 0x000000005c37a000 	C:\Program Files\Java\jdk1.8.0_25\jre\bin\net.dll
0x00007fff18240000 - 0x00007fff182aa000 	C:\WINDOWS\system32\mswsock.dll
0x000000005c340000 - 0x000000005c351000 	C:\Program Files\Java\jdk1.8.0_25\jre\bin\nio.dll
0x00007fff12690000 - 0x00007fff126ba000 	C:\Users\EST\.gradle\native\36\windows-amd64\native-platform.dll
0x000000005c330000 - 0x000000005c33d000 	C:\Program Files\Java\jdk1.8.0_25\jre\bin\management.dll
0x00007fff18410000 - 0x00007fff18428000 	C:\WINDOWS\SYSTEM32\CRYPTSP.dll
0x00007fff17be0000 - 0x00007fff17c14000 	C:\WINDOWS\system32\rsaenh.dll
0x00007fff19320000 - 0x00007fff19347000 	C:\WINDOWS\System32\bcrypt.dll
0x00007fff189e0000 - 0x00007fff18a0e000 	C:\WINDOWS\SYSTEM32\USERENV.dll
0x00007fff18f30000 - 0x00007fff18fb0000 	C:\WINDOWS\System32\bcryptprimitives.dll
0x00007fff18430000 - 0x00007fff1843c000 	C:\WINDOWS\SYSTEM32\CRYPTBASE.dll
0x00007fff17f30000 - 0x00007fff17f6b000 	C:\WINDOWS\SYSTEM32\IPHLPAPI.DLL
0x00007fff1ac50000 - 0x00007fff1ac58000 	C:\WINDOWS\System32\NSI.dll
0x00007fff13a50000 - 0x00007fff13a67000 	C:\WINDOWS\SYSTEM32\dhcpcsvc6.DLL
0x00007fff13a30000 - 0x00007fff13a4d000 	C:\WINDOWS\SYSTEM32\dhcpcsvc.DLL
0x00007fff17f70000 - 0x00007fff1803b000 	C:\WINDOWS\SYSTEM32\DNSAPI.dll
0x00007fff17870000 - 0x00007fff178a3000 	C:\WINDOWS\SYSTEM32\ntmarta.dll
0x000000005b6e0000 - 0x000000005b878000 	C:\Program Files\Java\jdk1.8.0_25\jre\bin\awt.dll
0x00007fff1aa60000 - 0x00007fff1ab2d000 	C:\WINDOWS\System32\OLEAUT32.dll
0x00007fff16090000 - 0x00007fff16120000 	C:\WINDOWS\SYSTEM32\apphelp.dll
0x00007fff164d0000 - 0x00007fff1656e000 	C:\WINDOWS\system32\uxtheme.dll
0x00007fff1ab30000 - 0x00007fff1ac46000 	C:\WINDOWS\System32\MSCTF.dll
0x00007fff1ae80000 - 0x00007fff1afaa000 	C:\WINDOWS\System32\ole32.dll
0x00007fff16ab0000 - 0x00007fff16ac2000 	C:\WINDOWS\SYSTEM32\kernel.appcore.dll
0x00007fff04f10000 - 0x00007fff050f4000 	C:\WINDOWS\SYSTEM32\dbghelp.dll

VM Arguments:
jvm_args: -XX:MaxMetaspaceSize=256m -XX:+HeapDumpOnOutOfMemoryError -Xms256m -Xmx512m -Dfile.encoding=windows-1252 -Duser.country=US -Duser.language=en -Duser.variant 
java_command: org.gradle.launcher.daemon.bootstrap.GradleDaemon 6.2
java_class_path (initial): C:\Users\EST\.gradle\wrapper\dists\gradle-6.2-all\dvufqs6kielxeao781pmk5huj\gradle-6.2\lib\gradle-launcher-6.2.jar
Launcher Type: SUN_STANDARD

Environment Variables:
JAVA_HOME=C:\Program Files\Java\jdk1.8.0_25
CLASSPATH=E:\MobileDevelopment\AnkushWork\ReactNative\OnBoardingAnkush\android\\gradle\wrapper\gradle-wrapper.jar
PATH=E:\MobileDevelopment\AnkushWork\ReactNative\OnBoardingAnkush\android\node_modules\.bin;E:\MobileDevelopment\AnkushWork\ReactNative\OnBoardingAnkush\node_modules\.bin;E:\MobileDevelopment\AnkushWork\ReactNative\node_modules\.bin;E:\MobileDevelopment\AnkushWork\node_modules\.bin;E:\MobileDevelopment\node_modules\.bin;E:\node_modules\.bin;C:\Program Files\nodejs;E:\MobileDevelopment\AnkushWork\ReactNative\OnBoardingAnkush\node_modules\.bin;C:\ProgramData\Oracle\Java\javapath;C:\WINDOWS;C:\WINDOWS\System32\Wbem;C:\WINDOWS\System32\WindowsPowerShell\v1.0\;C:\WINDOWS\System32\OpenSSH\;C:\Program Files\nodejs\;C:\Program Files\PuTTY\;C:\Program Files\dotnet\;C:\Program Files\Microsoft SQL Server\130\Tools\Binn\;C:\WINDOWS\system32;C:\Users\EST\AppData\Local\Android\Sdk\platform-tools;C:\Program Files\Java\jdk1.8.0_25;C:\Program Files\Java\jdk1.8.0_25\bin;C:\Users\EST\AppData\Local\Microsoft\WindowsApps;C:\Users\EST\AppData\Local\Programs\Microsoft VS Code\bin;
USERNAME=EST
OS=Windows_NT
PROCESSOR_IDENTIFIER=Intel64 Family 6 Model 60 Stepping 3, GenuineIntel



---------------  S Y S T E M  ---------------

OS: Windows 8.1 , 64 bit Build 9600 

CPU:total 4 (2 cores per cpu, 2 threads per core) family 6 model 60 stepping 3, cmov, cx8, fxsr, mmx, sse, sse2, sse3, ssse3, sse4.1, sse4.2, popcnt, avx, avx2, aes, clmul, erms, lzcnt, ht, tsc, tscinvbit, bmi1, bmi2

Memory: 4k page, physical 8285804k(1256212k free), swap 15519568k(4033804k free)

vm_info: Java HotSpot(TM) 64-Bit Server VM (25.25-b02) for windows-amd64 JRE (1.8.0_25-b18), built on Oct  7 2014 14:25:37 by "java_re" with MS VC++ 10.0 (VS2010)

time: Fri Mar 12 13:35:52 2021
elapsed time: 7392 seconds (0d 2h 3m 12s)

